<?xml version="1.0" encoding="UTF-8"?>
<!-- Generated by org.testng.reporters.JUnitXMLReporter -->
<testsuite ignored="0" hostname="Dell" failures="1" tests="3" name="Test" time="8.957" errors="0" timestamp="2023-11-29T12:16:40 IST">
  <testcase classname="TestCases.TC_DatadrivenTest_001" name="DataDrivenTest" time="0.532"/>
  <testcase classname="TestCases.TC_DatadrivenTest_001" name="DataDrivenTest" time="0.274"/>
  <testcase classname="TestCases.TC_DatadrivenTest_001" name="DataDrivenTest" time="0.013">
    <failure type="java.lang.IllegalArgumentException" message="Keys to send should be a not null CharSequence">
      <![CDATA[java.lang.IllegalArgumentException: Keys to send should be a not null CharSequence
at org.openqa.selenium.remote.RemoteWebElement.sendKeys(RemoteWebElement.java:97)
at org.openqa.selenium.support.pagefactory.internal.LocatingElementHandler.invoke(LocatingElementHandler.java:51)
at jdk.proxy2/jdk.proxy2.$Proxy19.sendKeys(Unknown Source)
at PageObjects.LoginPage.setUsername(LoginPage.java:29)
at TestCases.TC_DatadrivenTest_001.DataDrivenTest(TC_DatadrivenTest_001.java:19)
at java.base/java.util.ArrayList.forEach(ArrayList.java:1511)
... Removed 31 stack frames]]>
    </failure>
  </testcase> <!-- DataDrivenTest -->
</testsuite> <!-- Test -->
